<?xml version="1.0" encoding="UTF-8" ?>
<testsuite tests="12" failures="1" name="TestSuite" time="4,457.639" errors="0" skipped="11">
  <properties>
    <property name="java.runtime.name" value="Java(TM) SE Runtime Environment"/>
    <property name="sun.boot.library.path" value="/Library/Java/JavaVirtualMachines/jdk1.8.0_60.jdk/Contents/Home/jre/lib"/>
    <property name="java.vm.version" value="25.60-b23"/>
    <property name="user.country.format" value="IN"/>
    <property name="gopherProxySet" value="false"/>
    <property name="java.vm.vendor" value="Oracle Corporation"/>
    <property name="java.vendor.url" value="http://java.oracle.com/"/>
    <property name="path.separator" value=":"/>
    <property name="java.vm.name" value="Java HotSpot(TM) 64-Bit Server VM"/>
    <property name="file.encoding.pkg" value="sun.io"/>
    <property name="user.country" value="US"/>
    <property name="sun.java.launcher" value="SUN_STANDARD"/>
    <property name="sun.os.patch.level" value="unknown"/>
    <property name="java.vm.specification.name" value="Java Virtual Machine Specification"/>
    <property name="user.dir" value="/Users/monocept/Documents/workspace_luna/com.twc.androidLogcat"/>
    <property name="java.runtime.version" value="1.8.0_60-b27"/>
    <property name="java.awt.graphicsenv" value="sun.awt.CGraphicsEnvironment"/>
    <property name="basedir" value="/Users/monocept/Documents/workspace_luna/com.twc.androidLogcat"/>
    <property name="java.endorsed.dirs" value="/Library/Java/JavaVirtualMachines/jdk1.8.0_60.jdk/Contents/Home/jre/lib/endorsed"/>
    <property name="os.arch" value="x86_64"/>
    <property name="surefire.real.class.path" value="/var/folders/6y/3w4t1jld3997y9q_6cvwswqr0000gn/T/surefirebooter7878145553082114642.jar"/>
    <property name="java.io.tmpdir" value="/var/folders/6y/3w4t1jld3997y9q_6cvwswqr0000gn/T/"/>
    <property name="line.separator" value="
"/>
    <property name="java.vm.specification.vendor" value="Oracle Corporation"/>
    <property name="os.name" value="Mac OS X"/>
    <property name="sun.jnu.encoding" value="UTF-8"/>
    <property name="java.library.path" value="/Users/monocept/Library/Java/Extensions:/Library/Java/Extensions:/Network/Library/Java/Extensions:/System/Library/Java/Extensions:/usr/lib/java:."/>
    <property name="surefire.test.class.path" value="/Users/monocept/Documents/workspace_luna/com.twc.androidLogcat/target/test-classes:/Users/monocept/Documents/workspace_luna/com.twc.androidLogcat/target/classes:/Users/monocept/.m2/repository/junit/junit/3.8.1/junit-3.8.1.jar:/Users/monocept/.m2/repository/com/relevantcodes/extentreports/2.10/extentreports-2.10.jar:/Users/monocept/.m2/repository/org/jsoup/jsoup/1.8.3/jsoup-1.8.3.jar:/Users/monocept/.m2/repository/org/xerial/sqlite-jdbc/3.8.11.1/sqlite-jdbc-3.8.11.1.jar:/Users/monocept/.m2/repository/org/testng/testng/6.9.4/testng-6.9.4.jar:/Users/monocept/.m2/repository/org/beanshell/bsh/2.0b4/bsh-2.0b4.jar:/Users/monocept/.m2/repository/com/beust/jcommander/1.48/jcommander-1.48.jar:/Users/monocept/.m2/repository/org/seleniumhq/selenium/selenium-server/2.51.0/selenium-server-2.51.0.jar:/Users/monocept/.m2/repository/org/bouncycastle/bcprov-jdk15on/1.48/bcprov-jdk15on-1.48.jar:/Users/monocept/.m2/repository/org/bouncycastle/bcpkix-jdk15on/1.48/bcpkix-jdk15on-1.48.jar:/Users/monocept/.m2/repository/mx4j/mx4j-tools/3.0.1/mx4j-tools-3.0.1.jar:/Users/monocept/.m2/repository/org/seleniumhq/selenium/jetty-repacked/9.2.13.v20150730/jetty-repacked-9.2.13.v20150730.jar:/Users/monocept/.m2/repository/javax/servlet/javax.servlet-api/3.1.0/javax.servlet-api-3.1.0.jar:/Users/monocept/.m2/repository/org/seleniumhq/selenium/jetty-rc-repacked/5/jetty-rc-repacked-5.jar:/Users/monocept/.m2/repository/net/jcip/jcip-annotations/1.0/jcip-annotations-1.0.jar:/Users/monocept/.m2/repository/org/yaml/snakeyaml/1.8/snakeyaml-1.8.jar:/Users/monocept/.m2/repository/commons-codec/commons-codec/1.10/commons-codec-1.10.jar:/Users/monocept/.m2/repository/org/seleniumhq/selenium/selenium-java/2.51.0/selenium-java-2.51.0.jar:/Users/monocept/.m2/repository/org/seleniumhq/selenium/selenium-chrome-driver/2.51.0/selenium-chrome-driver-2.51.0.jar:/Users/monocept/.m2/repository/org/seleniumhq/selenium/selenium-edge-driver/2.51.0/selenium-edge-driver-2.51.0.jar:/Users/monocept/.m2/repository/org/seleniumhq/selenium/selenium-htmlunit-driver/2.51.0/selenium-htmlunit-driver-2.51.0.jar:/Users/monocept/.m2/repository/net/sourceforge/htmlunit/htmlunit/2.18/htmlunit-2.18.jar:/Users/monocept/.m2/repository/xalan/xalan/2.7.2/xalan-2.7.2.jar:/Users/monocept/.m2/repository/xalan/serializer/2.7.2/serializer-2.7.2.jar:/Users/monocept/.m2/repository/org/apache/commons/commons-lang3/3.4/commons-lang3-3.4.jar:/Users/monocept/.m2/repository/org/apache/httpcomponents/httpmime/4.5/httpmime-4.5.jar:/Users/monocept/.m2/repository/net/sourceforge/htmlunit/htmlunit-core-js/2.17/htmlunit-core-js-2.17.jar:/Users/monocept/.m2/repository/xerces/xercesImpl/2.11.0/xercesImpl-2.11.0.jar:/Users/monocept/.m2/repository/xml-apis/xml-apis/1.4.01/xml-apis-1.4.01.jar:/Users/monocept/.m2/repository/net/sourceforge/nekohtml/nekohtml/1.9.22/nekohtml-1.9.22.jar:/Users/monocept/.m2/repository/net/sourceforge/cssparser/cssparser/0.9.16/cssparser-0.9.16.jar:/Users/monocept/.m2/repository/org/w3c/css/sac/1.3/sac-1.3.jar:/Users/monocept/.m2/repository/org/eclipse/jetty/websocket/websocket-client/9.2.12.v20150709/websocket-client-9.2.12.v20150709.jar:/Users/monocept/.m2/repository/org/eclipse/jetty/jetty-util/9.2.12.v20150709/jetty-util-9.2.12.v20150709.jar:/Users/monocept/.m2/repository/org/eclipse/jetty/jetty-io/9.2.12.v20150709/jetty-io-9.2.12.v20150709.jar:/Users/monocept/.m2/repository/org/eclipse/jetty/websocket/websocket-common/9.2.12.v20150709/websocket-common-9.2.12.v20150709.jar:/Users/monocept/.m2/repository/org/eclipse/jetty/websocket/websocket-api/9.2.12.v20150709/websocket-api-9.2.12.v20150709.jar:/Users/monocept/.m2/repository/commons-collections/commons-collections/3.2.2/commons-collections-3.2.2.jar:/Users/monocept/.m2/repository/org/seleniumhq/selenium/selenium-ie-driver/2.51.0/selenium-ie-driver-2.51.0.jar:/Users/monocept/.m2/repository/net/java/dev/jna/jna/4.1.0/jna-4.1.0.jar:/Users/monocept/.m2/repository/net/java/dev/jna/jna-platform/4.1.0/jna-platform-4.1.0.jar:/Users/monocept/.m2/repository/org/seleniumhq/selenium/selenium-safari-driver/2.51.0/selenium-safari-driver-2.51.0.jar:/Users/monocept/.m2/repository/org/seleniumhq/selenium/selenium-support/2.51.0/selenium-support-2.51.0.jar:/Users/monocept/.m2/repository/org/webbitserver/webbit/0.4.14/webbit-0.4.14.jar:/Users/monocept/.m2/repository/io/netty/netty/3.5.2.Final/netty-3.5.2.Final.jar:/Users/monocept/.m2/repository/org/seleniumhq/selenium/selenium-leg-rc/2.51.0/selenium-leg-rc-2.51.0.jar:/Users/monocept/.m2/repository/org/seleniumhq/selenium/selenium-firefox-driver/2.51.0/selenium-firefox-driver-2.51.0.jar:/Users/monocept/.m2/repository/org/seleniumhq/selenium/selenium-remote-driver/2.51.0/selenium-remote-driver-2.51.0.jar:/Users/monocept/.m2/repository/cglib/cglib-nodep/2.1_3/cglib-nodep-2.1_3.jar:/Users/monocept/.m2/repository/org/seleniumhq/selenium/selenium-api/2.51.0/selenium-api-2.51.0.jar:/Users/monocept/.m2/repository/commons-io/commons-io/2.4/commons-io-2.4.jar:/Users/monocept/.m2/repository/org/apache/commons/commons-exec/1.3/commons-exec-1.3.jar:/Users/monocept/.m2/repository/io/appium/java-client/3.2.0/java-client-3.2.0.jar:/Users/monocept/.m2/repository/com/google/code/gson/gson/2.2.4/gson-2.2.4.jar:/Users/monocept/.m2/repository/org/apache/httpcomponents/httpclient/4.3.3/httpclient-4.3.3.jar:/Users/monocept/.m2/repository/org/apache/httpcomponents/httpcore/4.3.2/httpcore-4.3.2.jar:/Users/monocept/.m2/repository/commons-logging/commons-logging/1.1.3/commons-logging-1.1.3.jar:/Users/monocept/.m2/repository/com/google/guava/guava/17.0/guava-17.0.jar:/Users/monocept/.m2/repository/cglib/cglib/3.1/cglib-3.1.jar:/Users/monocept/.m2/repository/org/ow2/asm/asm/4.2/asm-4.2.jar:/Users/monocept/.m2/repository/commons-validator/commons-validator/1.4.1/commons-validator-1.4.1.jar:/Users/monocept/.m2/repository/commons-beanutils/commons-beanutils/1.8.3/commons-beanutils-1.8.3.jar:/Users/monocept/.m2/repository/commons-digester/commons-digester/1.8.1/commons-digester-1.8.1.jar:/Users/monocept/.m2/repository/com/googlecode/json-simple/json-simple/1.1/json-simple-1.1.jar:/Users/monocept/.m2/repository/org/apache/poi/poi/3.9/poi-3.9.jar:/Users/monocept/.m2/repository/atu/testng/atureports/5.5/atureports-5.5.jar:/Users/monocept/.m2/repository/atu/testrecorder/testrecorder/5.4/testrecorder-5.4.jar:"/>
    <property name="java.specification.name" value="Java Platform API Specification"/>
    <property name="java.class.version" value="52.0"/>
    <property name="sun.management.compiler" value="HotSpot 64-Bit Tiered Compilers"/>
    <property name="os.version" value="10.11"/>
    <property name="http.nonProxyHosts" value="local|*.local|169.254/16|*.169.254/16"/>
    <property name="user.home" value="/Users/monocept"/>
    <property name="user.timezone" value="Asia/Kolkata"/>
    <property name="atu.reporter.config" value="./atu.properties"/>
    <property name="java.awt.printerjob" value="sun.lwawt.macosx.CPrinterJob"/>
    <property name="java.specification.version" value="1.8"/>
    <property name="file.encoding" value="UTF-8"/>
    <property name="user.name" value="monocept"/>
    <property name="java.class.path" value="/Users/monocept/Documents/workspace_luna/com.twc.androidLogcat/target/test-classes:/Users/monocept/Documents/workspace_luna/com.twc.androidLogcat/target/classes:/Users/monocept/.m2/repository/junit/junit/3.8.1/junit-3.8.1.jar:/Users/monocept/.m2/repository/com/relevantcodes/extentreports/2.10/extentreports-2.10.jar:/Users/monocept/.m2/repository/org/jsoup/jsoup/1.8.3/jsoup-1.8.3.jar:/Users/monocept/.m2/repository/org/xerial/sqlite-jdbc/3.8.11.1/sqlite-jdbc-3.8.11.1.jar:/Users/monocept/.m2/repository/org/testng/testng/6.9.4/testng-6.9.4.jar:/Users/monocept/.m2/repository/org/beanshell/bsh/2.0b4/bsh-2.0b4.jar:/Users/monocept/.m2/repository/com/beust/jcommander/1.48/jcommander-1.48.jar:/Users/monocept/.m2/repository/org/seleniumhq/selenium/selenium-server/2.51.0/selenium-server-2.51.0.jar:/Users/monocept/.m2/repository/org/bouncycastle/bcprov-jdk15on/1.48/bcprov-jdk15on-1.48.jar:/Users/monocept/.m2/repository/org/bouncycastle/bcpkix-jdk15on/1.48/bcpkix-jdk15on-1.48.jar:/Users/monocept/.m2/repository/mx4j/mx4j-tools/3.0.1/mx4j-tools-3.0.1.jar:/Users/monocept/.m2/repository/org/seleniumhq/selenium/jetty-repacked/9.2.13.v20150730/jetty-repacked-9.2.13.v20150730.jar:/Users/monocept/.m2/repository/javax/servlet/javax.servlet-api/3.1.0/javax.servlet-api-3.1.0.jar:/Users/monocept/.m2/repository/org/seleniumhq/selenium/jetty-rc-repacked/5/jetty-rc-repacked-5.jar:/Users/monocept/.m2/repository/net/jcip/jcip-annotations/1.0/jcip-annotations-1.0.jar:/Users/monocept/.m2/repository/org/yaml/snakeyaml/1.8/snakeyaml-1.8.jar:/Users/monocept/.m2/repository/commons-codec/commons-codec/1.10/commons-codec-1.10.jar:/Users/monocept/.m2/repository/org/seleniumhq/selenium/selenium-java/2.51.0/selenium-java-2.51.0.jar:/Users/monocept/.m2/repository/org/seleniumhq/selenium/selenium-chrome-driver/2.51.0/selenium-chrome-driver-2.51.0.jar:/Users/monocept/.m2/repository/org/seleniumhq/selenium/selenium-edge-driver/2.51.0/selenium-edge-driver-2.51.0.jar:/Users/monocept/.m2/repository/org/seleniumhq/selenium/selenium-htmlunit-driver/2.51.0/selenium-htmlunit-driver-2.51.0.jar:/Users/monocept/.m2/repository/net/sourceforge/htmlunit/htmlunit/2.18/htmlunit-2.18.jar:/Users/monocept/.m2/repository/xalan/xalan/2.7.2/xalan-2.7.2.jar:/Users/monocept/.m2/repository/xalan/serializer/2.7.2/serializer-2.7.2.jar:/Users/monocept/.m2/repository/org/apache/commons/commons-lang3/3.4/commons-lang3-3.4.jar:/Users/monocept/.m2/repository/org/apache/httpcomponents/httpmime/4.5/httpmime-4.5.jar:/Users/monocept/.m2/repository/net/sourceforge/htmlunit/htmlunit-core-js/2.17/htmlunit-core-js-2.17.jar:/Users/monocept/.m2/repository/xerces/xercesImpl/2.11.0/xercesImpl-2.11.0.jar:/Users/monocept/.m2/repository/xml-apis/xml-apis/1.4.01/xml-apis-1.4.01.jar:/Users/monocept/.m2/repository/net/sourceforge/nekohtml/nekohtml/1.9.22/nekohtml-1.9.22.jar:/Users/monocept/.m2/repository/net/sourceforge/cssparser/cssparser/0.9.16/cssparser-0.9.16.jar:/Users/monocept/.m2/repository/org/w3c/css/sac/1.3/sac-1.3.jar:/Users/monocept/.m2/repository/org/eclipse/jetty/websocket/websocket-client/9.2.12.v20150709/websocket-client-9.2.12.v20150709.jar:/Users/monocept/.m2/repository/org/eclipse/jetty/jetty-util/9.2.12.v20150709/jetty-util-9.2.12.v20150709.jar:/Users/monocept/.m2/repository/org/eclipse/jetty/jetty-io/9.2.12.v20150709/jetty-io-9.2.12.v20150709.jar:/Users/monocept/.m2/repository/org/eclipse/jetty/websocket/websocket-common/9.2.12.v20150709/websocket-common-9.2.12.v20150709.jar:/Users/monocept/.m2/repository/org/eclipse/jetty/websocket/websocket-api/9.2.12.v20150709/websocket-api-9.2.12.v20150709.jar:/Users/monocept/.m2/repository/commons-collections/commons-collections/3.2.2/commons-collections-3.2.2.jar:/Users/monocept/.m2/repository/org/seleniumhq/selenium/selenium-ie-driver/2.51.0/selenium-ie-driver-2.51.0.jar:/Users/monocept/.m2/repository/net/java/dev/jna/jna/4.1.0/jna-4.1.0.jar:/Users/monocept/.m2/repository/net/java/dev/jna/jna-platform/4.1.0/jna-platform-4.1.0.jar:/Users/monocept/.m2/repository/org/seleniumhq/selenium/selenium-safari-driver/2.51.0/selenium-safari-driver-2.51.0.jar:/Users/monocept/.m2/repository/org/seleniumhq/selenium/selenium-support/2.51.0/selenium-support-2.51.0.jar:/Users/monocept/.m2/repository/org/webbitserver/webbit/0.4.14/webbit-0.4.14.jar:/Users/monocept/.m2/repository/io/netty/netty/3.5.2.Final/netty-3.5.2.Final.jar:/Users/monocept/.m2/repository/org/seleniumhq/selenium/selenium-leg-rc/2.51.0/selenium-leg-rc-2.51.0.jar:/Users/monocept/.m2/repository/org/seleniumhq/selenium/selenium-firefox-driver/2.51.0/selenium-firefox-driver-2.51.0.jar:/Users/monocept/.m2/repository/org/seleniumhq/selenium/selenium-remote-driver/2.51.0/selenium-remote-driver-2.51.0.jar:/Users/monocept/.m2/repository/cglib/cglib-nodep/2.1_3/cglib-nodep-2.1_3.jar:/Users/monocept/.m2/repository/org/seleniumhq/selenium/selenium-api/2.51.0/selenium-api-2.51.0.jar:/Users/monocept/.m2/repository/commons-io/commons-io/2.4/commons-io-2.4.jar:/Users/monocept/.m2/repository/org/apache/commons/commons-exec/1.3/commons-exec-1.3.jar:/Users/monocept/.m2/repository/io/appium/java-client/3.2.0/java-client-3.2.0.jar:/Users/monocept/.m2/repository/com/google/code/gson/gson/2.2.4/gson-2.2.4.jar:/Users/monocept/.m2/repository/org/apache/httpcomponents/httpclient/4.3.3/httpclient-4.3.3.jar:/Users/monocept/.m2/repository/org/apache/httpcomponents/httpcore/4.3.2/httpcore-4.3.2.jar:/Users/monocept/.m2/repository/commons-logging/commons-logging/1.1.3/commons-logging-1.1.3.jar:/Users/monocept/.m2/repository/com/google/guava/guava/17.0/guava-17.0.jar:/Users/monocept/.m2/repository/cglib/cglib/3.1/cglib-3.1.jar:/Users/monocept/.m2/repository/org/ow2/asm/asm/4.2/asm-4.2.jar:/Users/monocept/.m2/repository/commons-validator/commons-validator/1.4.1/commons-validator-1.4.1.jar:/Users/monocept/.m2/repository/commons-beanutils/commons-beanutils/1.8.3/commons-beanutils-1.8.3.jar:/Users/monocept/.m2/repository/commons-digester/commons-digester/1.8.1/commons-digester-1.8.1.jar:/Users/monocept/.m2/repository/com/googlecode/json-simple/json-simple/1.1/json-simple-1.1.jar:/Users/monocept/.m2/repository/org/apache/poi/poi/3.9/poi-3.9.jar:/Users/monocept/.m2/repository/atu/testng/atureports/5.5/atureports-5.5.jar:/Users/monocept/.m2/repository/atu/testrecorder/testrecorder/5.4/testrecorder-5.4.jar:"/>
    <property name="java.vm.specification.version" value="1.8"/>
    <property name="sun.arch.data.model" value="64"/>
    <property name="java.home" value="/Library/Java/JavaVirtualMachines/jdk1.8.0_60.jdk/Contents/Home/jre"/>
    <property name="sun.java.command" value="/var/folders/6y/3w4t1jld3997y9q_6cvwswqr0000gn/T/surefirebooter7878145553082114642.jar /var/folders/6y/3w4t1jld3997y9q_6cvwswqr0000gn/T/surefire8777907799577747361tmp /var/folders/6y/3w4t1jld3997y9q_6cvwswqr0000gn/T/surefire2125825144691926383tmp"/>
    <property name="java.specification.vendor" value="Oracle Corporation"/>
    <property name="user.language" value="en"/>
    <property name="awt.toolkit" value="sun.lwawt.macosx.LWCToolkit"/>
    <property name="java.vm.info" value="mixed mode"/>
    <property name="java.version" value="1.8.0_60"/>
    <property name="java.ext.dirs" value="/Users/monocept/Library/Java/Extensions:/Library/Java/JavaVirtualMachines/jdk1.8.0_60.jdk/Contents/Home/jre/lib/ext:/Library/Java/Extensions:/Network/Library/Java/Extensions:/System/Library/Java/Extensions:/usr/lib/java"/>
    <property name="sun.boot.class.path" value="/Library/Java/JavaVirtualMachines/jdk1.8.0_60.jdk/Contents/Home/jre/lib/resources.jar:/Library/Java/JavaVirtualMachines/jdk1.8.0_60.jdk/Contents/Home/jre/lib/rt.jar:/Library/Java/JavaVirtualMachines/jdk1.8.0_60.jdk/Contents/Home/jre/lib/sunrsasign.jar:/Library/Java/JavaVirtualMachines/jdk1.8.0_60.jdk/Contents/Home/jre/lib/jsse.jar:/Library/Java/JavaVirtualMachines/jdk1.8.0_60.jdk/Contents/Home/jre/lib/jce.jar:/Library/Java/JavaVirtualMachines/jdk1.8.0_60.jdk/Contents/Home/jre/lib/charsets.jar:/Library/Java/JavaVirtualMachines/jdk1.8.0_60.jdk/Contents/Home/jre/lib/jfr.jar:/Library/Java/JavaVirtualMachines/jdk1.8.0_60.jdk/Contents/Home/jre/classes"/>
    <property name="java.vendor" value="Oracle Corporation"/>
    <property name="localRepository" value="/Users/monocept/.m2/repository"/>
    <property name="file.separator" value="/"/>
    <property name="java.vendor.url.bug" value="http://bugreport.sun.com/bugreport/"/>
    <property name="sun.cpu.endian" value="little"/>
    <property name="sun.io.unicode.encoding" value="UnicodeBig"/>
    <property name="socksNonProxyHosts" value="local|*.local|169.254/16|*.169.254/16"/>
    <property name="ftp.nonProxyHosts" value="local|*.local|169.254/16|*.169.254/16"/>
    <property name="sun.cpu.isalist" value=""/>
  </properties>
  <testcase classname="com.twc.AD_TestSuite.Smoke_Test" name="Capabilities_Launch" time="0">
    <failure message="A new session could not be created. (Original error: Bad app: /Users/monocept/Documents/workspace_luna/com.twc.androidLogcat/APKFile1/Show. App paths need to be absolute, or relative to the appium server install dir, or a URL to compressed file, or a special app name. cause: Error: Using local app, but didn&apos;t end in .zip, .ipa or .apk) (WARNING: The server did not provide any stacktrace information)
Command duration or timeout: 100 milliseconds
Build info: version: &apos;2.51.0&apos;, revision: &apos;1af067dbcaedd7d2ab9af5151fc471d363d97193&apos;, time: &apos;2016-02-05 11:20:57&apos;
System info: host: &apos;ravis-MacBook-Pro.local&apos;, ip: &apos;172.16.0.3&apos;, os.name: &apos;Mac OS X&apos;, os.arch: &apos;x86_64&apos;, os.version: &apos;10.11&apos;, java.version: &apos;1.8.0_60&apos;
Driver info: io.appium.java_client.android.AndroidDriver" type="org.openqa.selenium.SessionNotCreatedException">org.openqa.selenium.SessionNotCreatedException: A new session could not be created. (Original error: Bad app: /Users/monocept/Documents/workspace_luna/com.twc.androidLogcat/APKFile1/Show. App paths need to be absolute, or relative to the appium server install dir, or a URL to compressed file, or a special app name. cause: Error: Using local app, but didn&apos;t end in .zip, .ipa or .apk) (WARNING: The server did not provide any stacktrace information)
Command duration or timeout: 100 milliseconds
Build info: version: &apos;2.51.0&apos;, revision: &apos;1af067dbcaedd7d2ab9af5151fc471d363d97193&apos;, time: &apos;2016-02-05 11:20:57&apos;
System info: host: &apos;ravis-MacBook-Pro.local&apos;, ip: &apos;172.16.0.3&apos;, os.name: &apos;Mac OS X&apos;, os.arch: &apos;x86_64&apos;, os.version: &apos;10.11&apos;, java.version: &apos;1.8.0_60&apos;
Driver info: io.appium.java_client.android.AndroidDriver
	at sun.reflect.NativeConstructorAccessorImpl.newInstance0(Native Method)
	at sun.reflect.NativeConstructorAccessorImpl.newInstance(NativeConstructorAccessorImpl.java:62)
	at sun.reflect.DelegatingConstructorAccessorImpl.newInstance(DelegatingConstructorAccessorImpl.java:45)
	at java.lang.reflect.Constructor.newInstance(Constructor.java:422)
	at org.openqa.selenium.remote.ErrorHandler.createThrowable(ErrorHandler.java:206)
	at org.openqa.selenium.remote.ErrorHandler.throwIfResponseFailed(ErrorHandler.java:158)
	at org.openqa.selenium.remote.RemoteWebDriver.execute(RemoteWebDriver.java:678)
	at io.appium.java_client.DefaultGenericMobileDriver.execute(DefaultGenericMobileDriver.java:42)
	at io.appium.java_client.AppiumDriver.execute(AppiumDriver.java:1)
	at io.appium.java_client.android.AndroidDriver.execute(AndroidDriver.java:1)
	at org.openqa.selenium.remote.RemoteWebDriver.startSession(RemoteWebDriver.java:249)
	at org.openqa.selenium.remote.RemoteWebDriver.&lt;init&gt;(RemoteWebDriver.java:131)
	at org.openqa.selenium.remote.RemoteWebDriver.&lt;init&gt;(RemoteWebDriver.java:144)
	at io.appium.java_client.DefaultGenericMobileDriver.&lt;init&gt;(DefaultGenericMobileDriver.java:37)
	at io.appium.java_client.AppiumDriver.&lt;init&gt;(AppiumDriver.java:160)
	at io.appium.java_client.AppiumDriver.&lt;init&gt;(AppiumDriver.java:168)
	at io.appium.java_client.android.AndroidDriver.&lt;init&gt;(AndroidDriver.java:69)
	at com.twc.AppiumAutoStart.Capabilities_android.dcap(Capabilities_android.java:82)
	at com.twc.AD_TestSuite.Smoke_Test.Capabilities_Launch(Smoke_Test.java:272)
</failure>
    <system-out>downloadPath is : /Users/monocept/Documents/workspace_luna/com.twc.androidLogcat/APKFile1/
Specified folder is exist and deleting the same folder
Deleted all the files in the specified folder
Logged-in into HockeyApp
Apps text :: Apps
platforms text :: Android
Selected Android in the Platforms Dropdown
Platform selected is : Android
expectedToClick is : Android Flagship Dev
Flag :: Android Flagship Dev
Version of the build is :: 6.4.0 (640001160)
Present Build version : 640001160
Old_Build version : 640001160
No need to Download the Alpha - Build, becoz Old Build only exists.
Build Number is Show
appPath - 1 /Users/monocept/Documents/workspace_luna/com.twc.androidLogcat/APKFile1/TWC_640001160_googleRelease.apk
appPath - 2 /Users/monocept/Documents/workspace_luna/com.twc.androidLogcat/APKFile1/
appPath - 3 /Users/monocept/Documents/workspace_luna/com.twc.androidLogcat/APKFile1/Show
Stopping the ADB server
ADB Server is stopped
===================================
Uninstall the APP and Install
===================================
Stopping the appium server
Appium server is stopped
Starting the appium server
Appium server is started and running
Install the app
</system-out>
    <system-err>&amp;#27;[31merror&amp;#27;[39m: Using local app, but didn&apos;t end in .zip, .ipa or .apk
&amp;#27;[31merror&amp;#27;[39m: Failed to start an Appium session, err was: Error: Bad app: /Users/monocept/Documents/workspace_luna/com.twc.androidLogcat/APKFile1/Show. App paths need to be absolute, or relative to the appium server install dir, or a URL to compressed file, or a special app name. cause: Error: Using local app, but didn&apos;t end in .zip, .ipa or .apk
</system-err>
  </testcase>
  <testcase classname="com.twc.AD_TestSuite.Smoke_Test" name="getBuildVersion" time="0.033">
    <skipped/>
  </testcase>
  <testcase classname="com.twc.AD_TestSuite.Smoke_Test" name="AD_C333179_Verify_AdCall_On_PulltoRefresh" time="0.01">
    <skipped/>
  </testcase>
  <testcase classname="com.twc.AD_TestSuite.Smoke_Test" name="AD_C333174_FactualCall_On_FreshLaunch_RE" time="0.001">
    <skipped/>
  </testcase>
  <testcase classname="com.twc.AD_TestSuite.Smoke_Test" name="AD_C333173_Verify_WeatherFX_ApiCall_On_FreshLaunch_RE" time="0.001">
    <skipped/>
  </testcase>
  <testcase classname="com.twc.AD_TestSuite.Smoke_Test" name="AD_C333182_LotameAdTargeting_On_AppLaunch" time="0.001">
    <skipped/>
  </testcase>
  <testcase classname="com.twc.AD_TestSuite.Smoke_Test" name="AD_C333175_Verify_Ad_Present_On_HourlyExtended_page" time="0.001">
    <skipped/>
  </testcase>
  <testcase classname="com.twc.AD_TestSuite.Smoke_Test" name="AD_C333180_Verify_Ad_Present_On_DailyExtended_page" time="0">
    <skipped/>
  </testcase>
  <testcase classname="com.twc.AD_TestSuite.Smoke_Test" name="AD_C333176_Verify_Ad_Present_On_MapsExtended_page" time="0.001">
    <skipped/>
  </testcase>
  <testcase classname="com.twc.AD_TestSuite.Smoke_Test" name="AD_C333177_Verify_Ad_Present_On_NewsExtended_page" time="0.001">
    <skipped/>
  </testcase>
  <testcase classname="com.twc.AD_TestSuite.Smoke_Test" name="AD_C333172_Verify_AdCalls_On_CleanLaunch" time="0.001">
    <skipped/>
  </testcase>
  <testcase classname="com.twc.AD_TestSuite.Smoke_Test" name="movefiles" time="0.032">
    <skipped/>
  </testcase>
</testsuite>